#
# There is insufficient memory for the Java Runtime Environment to continue.
# Native memory allocation (malloc) failed to allocate 1583856 bytes for Chunk::new
# Possible reasons:
#   The system is out of physical RAM or swap space
#   The process is running with CompressedOops enabled, and the Java Heap may be blocking the growth of the native heap
# Possible solutions:
#   Reduce memory load on the system
#   Increase physical memory or swap space
#   Check if swap backing store is full
#   Decrease Java heap size (-Xmx/-Xms)
#   Decrease number of Java threads
#   Decrease Java thread stack sizes (-Xss)
#   Set larger code cache with -XX:ReservedCodeCacheSize=
#   JVM is running with Unscaled Compressed Oops mode in which the Java heap is
#     placed in the first 4GB address space. The Java Heap base address is the
#     maximum limit for the native heap growth. Please use -XX:HeapBaseMinAddress
#     to set the Java Heap base and to place the Java Heap above 4GB virtual address.
# This output file may be truncated or incomplete.
#
#  Out of Memory Error (allocation.cpp:389), pid=4240, tid=0x0000000000003a50
#
# JRE version: Java(TM) SE Runtime Environment (8.0_291-b10) (build 1.8.0_291-b10)
# Java VM: Java HotSpot(TM) 64-Bit Server VM (25.291-b10 mixed mode windows-amd64 compressed oops)
# Failed to write core dump. Minidumps are not enabled by default on client versions of Windows
#

---------------  T H R E A D  ---------------

Current thread (0x000002f268916000):  JavaThread "C2 CompilerThread2" daemon [_thread_in_native, id=14928, stack(0x000000fbbcc00000,0x000000fbbcd00000)]

Stack: [0x000000fbbcc00000,0x000000fbbcd00000]
Native frames: (J=compiled Java code, j=interpreted, Vv=VM code, C=native code)
V  [jvm.dll+0x32ea19]
V  [jvm.dll+0x275462]
V  [jvm.dll+0x27610d]
V  [jvm.dll+0x26cb45]
V  [jvm.dll+0xd524c]
V  [jvm.dll+0xd5a4c]
V  [jvm.dll+0x46fd43]
V  [jvm.dll+0x437850]
V  [jvm.dll+0x440855]
V  [jvm.dll+0x43fc15]
V  [jvm.dll+0x42aa57]
V  [jvm.dll+0xabeeb]
V  [jvm.dll+0xaa54b]
V  [jvm.dll+0x23db02]
V  [jvm.dll+0x29210c]
C  [ucrtbase.dll+0x21bb2]
C  [KERNEL32.DLL+0x17034]
C  [ntdll.dll+0x52651]


Current CompileTask:
C2:25654490 65289 %     4       org.gradle.execution.plan.DefaultExecutionPlan::determineExecutionPlan @ 56 (693 bytes)


---------------  P R O C E S S  ---------------

Java Threads: ( => current thread )
  0x000002f27a623000 JavaThread "Cache worker for execution history cache (D:\Android\AndroidStudioProject\Picture\.gradle\6.7.1\executionHistory)" [_thread_blocked, id=15512, stack(0x000000fbcc600000,0x000000fbcc700000)]
  0x000002f27a622000 JavaThread "Execution worker for ':' Thread 11" [_thread_blocked, id=11288, stack(0x000000fbcc500000,0x000000fbcc600000)]
  0x000002f27a61c000 JavaThread "Execution worker for ':' Thread 10" [_thread_blocked, id=2896, stack(0x000000fbcc400000,0x000000fbcc500000)]
  0x000002f27a620000 JavaThread "Execution worker for ':' Thread 9" [_thread_blocked, id=540, stack(0x000000fbcc300000,0x000000fbcc400000)]
  0x000002f27a621800 JavaThread "Execution worker for ':' Thread 8" [_thread_blocked, id=12620, stack(0x000000fbcc200000,0x000000fbcc300000)]
  0x000002f27a614800 JavaThread "Execution worker for ':' Thread 7" [_thread_blocked, id=16068, stack(0x000000fbcc100000,0x000000fbcc200000)]
  0x000002f27a61b800 JavaThread "Execution worker for ':' Thread 6" [_thread_blocked, id=5204, stack(0x000000fbcc000000,0x000000fbcc100000)]
  0x000002f27a61a800 JavaThread "Execution worker for ':' Thread 5" [_thread_blocked, id=8384, stack(0x000000fbcbf00000,0x000000fbcc000000)]
  0x000002f27a619000 JavaThread "Execution worker for ':' Thread 4" [_thread_blocked, id=15892, stack(0x000000fbcbe00000,0x000000fbcbf00000)]
  0x000002f27a617800 JavaThread "Execution worker for ':' Thread 3" [_thread_blocked, id=10652, stack(0x000000fbcbd00000,0x000000fbcbe00000)]
  0x000002f27a616000 JavaThread "Execution worker for ':' Thread 2" [_thread_blocked, id=1832, stack(0x000000fbcbc00000,0x000000fbcbd00000)]
  0x000002f27a60c000 JavaThread "Execution worker for ':'" [_thread_blocked, id=8208, stack(0x000000fbcbb00000,0x000000fbcbc00000)]
  0x000002f27a610000 JavaThread "build event listener" [_thread_blocked, id=10668, stack(0x000000fbcba00000,0x000000fbcbb00000)]
  0x000002f27a156000 JavaThread "build event listener" [_thread_blocked, id=12676, stack(0x000000fbcb900000,0x000000fbcba00000)]
  0x000002f27a155000 JavaThread "Build operations Thread 12" [_thread_blocked, id=16392, stack(0x000000fbbec00000,0x000000fbbed00000)]
  0x000002f27a14d800 JavaThread "Build operations Thread 11" [_thread_in_native, id=16916, stack(0x000000fbbeb00000,0x000000fbbec00000)]
  0x000002f27a153800 JavaThread "Build operations Thread 10" [_thread_blocked, id=7788, stack(0x000000fbbea00000,0x000000fbbeb00000)]
  0x000002f27a153000 JavaThread "Build operations Thread 9" [_thread_blocked, id=15988, stack(0x000000fbbe900000,0x000000fbbea00000)]
  0x000002f27a152000 JavaThread "Build operations Thread 8" [_thread_blocked, id=13608, stack(0x000000fbbe800000,0x000000fbbe900000)]
  0x000002f27a154800 JavaThread "Build operations Thread 7" [_thread_blocked, id=15440, stack(0x000000fbbe700000,0x000000fbbe800000)]
  0x000002f27a151800 JavaThread "Build operations Thread 6" [_thread_blocked, id=12024, stack(0x000000fbbe600000,0x000000fbbe700000)]
  0x000002f27a14f000 JavaThread "Build operations Thread 5" [_thread_blocked, id=8584, stack(0x000000fbbe400000,0x000000fbbe500000)]
  0x000002f27a14a000 JavaThread "Build operations Thread 4" [_thread_blocked, id=11860, stack(0x000000fbbe200000,0x000000fbbe300000)]
  0x000002f27a14e800 JavaThread "Build operations Thread 3" [_thread_in_Java, id=2596, stack(0x000000fbbe100000,0x000000fbbe200000)]
  0x000002f27a14d000 JavaThread "Build operations Thread 2" [_thread_blocked, id=14856, stack(0x000000fbbe000000,0x000000fbbe100000)]
  0x000002f27a14c000 JavaThread "Build operations" [_thread_blocked, id=17024, stack(0x000000fbbdf00000,0x000000fbbe000000)]
  0x000002f27a150800 JavaThread "Cache worker for Build Output Cleanup Cache (D:\Android\AndroidStudioProject\Picture\.gradle\buildOutputCleanup)" [_thread_blocked, id=8796, stack(0x000000fbbdb00000,0x000000fbbdc00000)]
  0x000002f27a149000 JavaThread "Cache worker for cache directory md-rule (C:\Users\Asus\AppData\Local\Android\Sdk\caches\6.7.1\md-rule)" [_thread_blocked, id=16196, stack(0x000000fbbda00000,0x000000fbbdb00000)]
  0x000002f27a14a800 JavaThread "Cache worker for cache directory md-supplier (C:\Users\Asus\AppData\Local\Android\Sdk\caches\6.7.1\md-supplier)" [_thread_blocked, id=6480, stack(0x000000fbbd900000,0x000000fbbda00000)]
  0x000002f27a140000 JavaThread "Cache worker for checksums cache (D:\Android\AndroidStudioProject\Picture\.gradle\checksums)" [_thread_blocked, id=6280, stack(0x000000fbbd800000,0x000000fbbd900000)]
  0x000002f27a138000 JavaThread "Cache worker for file hash cache (D:\Android\AndroidStudioProject\Picture\.gradle\6.7.1\fileHashes)" [_thread_blocked, id=16436, stack(0x000000fbbd700000,0x000000fbbd800000)]
  0x000002f27a13e800 JavaThread "Thread-9234" [_thread_blocked, id=15552, stack(0x000000fbbd600000,0x000000fbbd700000)]
  0x000002f27a13e000 JavaThread "Stdin handler" [_thread_blocked, id=13956, stack(0x000000fbbd500000,0x000000fbbd600000)]
  0x000002f27a13d000 JavaThread "Asynchronous log dispatcher for DefaultDaemonConnection: socket connection from /127.0.0.1:55143 to /127.0.0.1:51146" [_thread_blocked, id=6980, stack(0x000000fbbd200000,0x000000fbbd300000)]
  0x000002f27a13b800 JavaThread "Cancel handler" [_thread_blocked, id=11936, stack(0x000000fbbb900000,0x000000fbbba00000)]
  0x000002f27a139800 JavaThread "Handler for socket connection from /127.0.0.1:55143 to /127.0.0.1:51146" [_thread_in_native, id=14880, stack(0x000000fbbb800000,0x000000fbbb900000)]
  0x000002f27a13b000 JavaThread "ForkJoinPool.commonPool-worker-12" daemon [_thread_blocked, id=480, stack(0x000000fbcd800000,0x000000fbcd900000)]
  0x000002f27a13a000 JavaThread "ForkJoinPool.commonPool-worker-3" daemon [_thread_blocked, id=6448, stack(0x000000fbcd700000,0x000000fbcd800000)]
  0x000002f27a141000 JavaThread "ForkJoinPool.commonPool-worker-10" daemon [_thread_blocked, id=3048, stack(0x000000fbcd600000,0x000000fbcd700000)]
  0x000002f27a138800 JavaThread "ForkJoinPool.commonPool-worker-6" daemon [_thread_blocked, id=13852, stack(0x000000fbcd200000,0x000000fbcd300000)]
  0x000002f27a13f800 JavaThread "ForkJoinPool.commonPool-worker-13" daemon [_thread_blocked, id=14780, stack(0x000000fbcd100000,0x000000fbcd200000)]
  0x000002f27a13c800 JavaThread "ForkJoinPool.commonPool-worker-4" daemon [_thread_blocked, id=14796, stack(0x000000fbcd000000,0x000000fbcd100000)]
  0x000002f27a1b2800 JavaThread "Exec process Thread 219" [_thread_blocked, id=15388, stack(0x000000fbccc00000,0x000000fbccd00000)]
  0x000002f27a1b1000 JavaThread "Exec process Thread 218" [_thread_blocked, id=14732, stack(0x000000fbccb00000,0x000000fbccc00000)]
  0x000002f27a1b1800 JavaThread "Exec process Thread 217" [_thread_blocked, id=13152, stack(0x000000fbcca00000,0x000000fbccb00000)]
  0x000002f27a1a2000 JavaThread "jar transforms Thread 4851" [_thread_blocked, id=17316, stack(0x000000fbc4f00000,0x000000fbc5000000)]
  0x000002f27a19f800 JavaThread "jar transforms Thread 4850" [_thread_blocked, id=5220, stack(0x000000fbc4e00000,0x000000fbc4f00000)]
  0x000002f27a1a0800 JavaThread "jar transforms Thread 4849" [_thread_blocked, id=17028, stack(0x000000fbc4d00000,0x000000fbc4e00000)]
  0x000002f27a1a3800 JavaThread "jar transforms Thread 4848" [_thread_blocked, id=14760, stack(0x000000fbc4c00000,0x000000fbc4d00000)]
  0x000002f27a19e000 JavaThread "jar transforms Thread 4847" [_thread_blocked, id=16232, stack(0x000000fbc4b00000,0x000000fbc4c00000)]
  0x000002f27a19f000 JavaThread "jar transforms Thread 4846" [_thread_blocked, id=15976, stack(0x000000fbc4a00000,0x000000fbc4b00000)]
  0x000002f27a196800 JavaThread "jar transforms Thread 4845" [_thread_blocked, id=3260, stack(0x000000fbc4900000,0x000000fbc4a00000)]
  0x000002f27a19d800 JavaThread "jar transforms Thread 4844" [_thread_blocked, id=6540, stack(0x000000fbc4800000,0x000000fbc4900000)]
  0x000002f27a196000 JavaThread "jar transforms Thread 4843" [_thread_blocked, id=17020, stack(0x000000fbc4700000,0x000000fbc4800000)]
  0x000002f27a19c800 JavaThread "jar transforms Thread 4842" [_thread_blocked, id=15060, stack(0x000000fbc4600000,0x000000fbc4700000)]
  0x000002f27a198000 JavaThread "jar transforms Thread 4841" [_thread_blocked, id=8120, stack(0x000000fbc4500000,0x000000fbc4600000)]
  0x000002f27a19b000 JavaThread "jar transforms Thread 4840" [_thread_blocked, id=9000, stack(0x000000fbc4400000,0x000000fbc4500000)]
  0x000002f27a19c000 JavaThread "jar transforms Thread 4839" [_thread_blocked, id=15188, stack(0x000000fbc4300000,0x000000fbc4400000)]
  0x000002f27a199000 JavaThread "jar transforms Thread 4838" [_thread_blocked, id=1448, stack(0x000000fbc4200000,0x000000fbc4300000)]
  0x000002f27a19a800 JavaThread "jar transforms Thread 4837" [_thread_blocked, id=12592, stack(0x000000fbc4100000,0x000000fbc4200000)]
  0x000002f27e61e000 JavaThread "jar transforms Thread 4836" [_thread_blocked, id=5468, stack(0x000000fbc4000000,0x000000fbc4100000)]
  0x000002f27e61d000 JavaThread "jar transforms Thread 4835" [_thread_blocked, id=16156, stack(0x000000fbc3f00000,0x000000fbc4000000)]
  0x000002f27e61b800 JavaThread "jar transforms Thread 4834" [_thread_blocked, id=16444, stack(0x000000fbc3e00000,0x000000fbc3f00000)]
  0x000002f27e61b000 JavaThread "jar transforms Thread 4833" [_thread_blocked, id=8416, stack(0x000000fbc3d00000,0x000000fbc3e00000)]
  0x000002f27e61c800 JavaThread "jar transforms Thread 4832" [_thread_blocked, id=14380, stack(0x000000fbc3c00000,0x000000fbc3d00000)]
  0x000002f27e613800 JavaThread "jar transforms Thread 4831" [_thread_blocked, id=16108, stack(0x000000fbc3b00000,0x000000fbc3c00000)]
  0x000002f27e61a000 JavaThread "jar transforms Thread 4830" [_thread_blocked, id=8292, stack(0x000000fbc3a00000,0x000000fbc3b00000)]
  0x000002f27e612800 JavaThread "jar transforms Thread 4829" [_thread_blocked, id=16588, stack(0x000000fbc3900000,0x000000fbc3a00000)]
  0x000002f27e619800 JavaThread "jar transforms Thread 4828" [_thread_blocked, id=16488, stack(0x000000fbc3800000,0x000000fbc3900000)]
  0x000002f27e612000 JavaThread "jar transforms Thread 4827" [_thread_blocked, id=17072, stack(0x000000fbc3700000,0x000000fbc3800000)]
  0x000002f27e618800 JavaThread "jar transforms Thread 4826" [_thread_blocked, id=3572, stack(0x000000fbc3600000,0x000000fbc3700000)]
  0x000002f27e611000 JavaThread "jar transforms Thread 4825" [_thread_blocked, id=16584, stack(0x000000fbc3500000,0x000000fbc3600000)]
  0x000002f27e618000 JavaThread "jar transforms Thread 4824" [_thread_blocked, id=16780, stack(0x000000fbc3400000,0x000000fbc3500000)]
  0x000002f27e615000 JavaThread "jar transforms Thread 4823" [_thread_blocked, id=15528, stack(0x000000fbc3300000,0x000000fbc3400000)]
  0x000002f27e617000 JavaThread "jar transforms Thread 4822" [_thread_blocked, id=14460, stack(0x000000fbc3200000,0x000000fbc3300000)]
  0x000002f27e614000 JavaThread "jar transforms Thread 4821" [_thread_blocked, id=1064, stack(0x000000fbc3100000,0x000000fbc3200000)]
  0x000002f27e616800 JavaThread "jar transforms Thread 4820" [_thread_blocked, id=7748, stack(0x000000fbc3000000,0x000000fbc3100000)]
  0x000002f27e60f000 JavaThread "jar transforms Thread 4819" [_thread_blocked, id=10560, stack(0x000000fbc2f00000,0x000000fbc3000000)]
  0x000002f27e610800 JavaThread "jar transforms Thread 4818" [_thread_blocked, id=3684, stack(0x000000fbc2e00000,0x000000fbc2f00000)]
  0x000002f27e615800 JavaThread "jar transforms Thread 4817" [_thread_blocked, id=12416, stack(0x000000fbc2d00000,0x000000fbc2e00000)]
  0x000002f27e60f800 JavaThread "jar transforms Thread 4816" [_thread_blocked, id=16796, stack(0x000000fbc2c00000,0x000000fbc2d00000)]
  0x000002f27e60e000 JavaThread "jar transforms Thread 4815" [_thread_blocked, id=14388, stack(0x000000fbc2b00000,0x000000fbc2c00000)]
  0x000002f27e60d800 JavaThread "jar transforms Thread 4814" [_thread_blocked, id=13724, stack(0x000000fbc2a00000,0x000000fbc2b00000)]
  0x000002f27e60c800 JavaThread "jar transforms Thread 4813" [_thread_blocked, id=17240, stack(0x000000fbc2900000,0x000000fbc2a00000)]
  0x000002f27e60c000 JavaThread "jar transforms Thread 4812" [_thread_blocked, id=10904, stack(0x000000fbc2800000,0x000000fbc2900000)]
  0x000002f27e60b000 JavaThread "jar transforms Thread 4811" [_thread_blocked, id=2060, stack(0x000000fbc2700000,0x000000fbc2800000)]
  0x000002f27e60a800 JavaThread "jar transforms Thread 4810" [_thread_blocked, id=2712, stack(0x000000fbc2600000,0x000000fbc2700000)]
  0x000002f27e609800 JavaThread "jar transforms Thread 4809" [_thread_blocked, id=8204, stack(0x000000fbc2500000,0x000000fbc2600000)]
  0x000002f27e602000 JavaThread "jar transforms Thread 4808" [_thread_blocked, id=15340, stack(0x000000fbc2400000,0x000000fbc2500000)]
  0x000002f27e608000 JavaThread "jar transforms Thread 4807" [_thread_blocked, id=12880, stack(0x000000fbc2300000,0x000000fbc2400000)]
  0x000002f27e609000 JavaThread "jar transforms Thread 4806" [_thread_blocked, id=9608, stack(0x000000fbc2200000,0x000000fbc2300000)]
  0x000002f27e607800 JavaThread "jar transforms Thread 4805" [_thread_blocked, id=16344, stack(0x000000fbc2100000,0x000000fbc2200000)]
  0x000002f27e5ff800 JavaThread "jar transforms Thread 4804" [_thread_blocked, id=13760, stack(0x000000fbc2000000,0x000000fbc2100000)]
  0x000002f27e603800 JavaThread "jar transforms Thread 4803" [_thread_blocked, id=15068, stack(0x000000fbc1f00000,0x000000fbc2000000)]
  0x000002f27e600800 JavaThread "jar transforms Thread 4802" [_thread_blocked, id=16984, stack(0x000000fbc1e00000,0x000000fbc1f00000)]
  0x000002f27e606800 JavaThread "jar transforms Thread 4801" [_thread_blocked, id=4248, stack(0x000000fbc1d00000,0x000000fbc1e00000)]
  0x000002f27e603000 JavaThread "jar transforms Thread 4800" [_thread_blocked, id=16116, stack(0x000000fbc1c00000,0x000000fbc1d00000)]
  0x000002f27e5ff000 JavaThread "jar transforms Thread 4799" [_thread_blocked, id=14472, stack(0x000000fbc1b00000,0x000000fbc1c00000)]
  0x000002f27e606000 JavaThread "jar transforms Thread 4798" [_thread_blocked, id=15428, stack(0x000000fbc1a00000,0x000000fbc1b00000)]
  0x000002f27e605000 JavaThread "jar transforms Thread 4797" [_thread_blocked, id=8664, stack(0x000000fbc1900000,0x000000fbc1a00000)]
  0x000002f27e604800 JavaThread "jar transforms Thread 4796" [_thread_blocked, id=5504, stack(0x000000fbc1800000,0x000000fbc1900000)]
  0x000002f27e601800 JavaThread "jar transforms Thread 4795" [_thread_blocked, id=4676, stack(0x000000fbc1700000,0x000000fbc1800000)]
  0x000002f27e5f7800 JavaThread "jar transforms Thread 4794" [_thread_blocked, id=1480, stack(0x000000fbc1600000,0x000000fbc1700000)]
  0x000002f27e5fe000 JavaThread "jar transforms Thread 4793" [_thread_blocked, id=11204, stack(0x000000fbc1500000,0x000000fbc1600000)]
  0x000002f27e5f6800 JavaThread "jar transforms Thread 4792" [_thread_blocked, id=11448, stack(0x000000fbc1400000,0x000000fbc1500000)]
  0x000002f27e5fd800 JavaThread "jar transforms Thread 4791" [_thread_blocked, id=8492, stack(0x000000fbc1300000,0x000000fbc1400000)]
  0x000002f27e5f6000 JavaThread "jar transforms Thread 4790" [_thread_blocked, id=17284, stack(0x000000fbc1200000,0x000000fbc1300000)]
  0x000002f27e5fc800 JavaThread "jar transforms Thread 4789" [_thread_blocked, id=11152, stack(0x000000fbc1100000,0x000000fbc1200000)]
  0x000002f27e5fa800 JavaThread "jar transforms Thread 4788" [_thread_blocked, id=12740, stack(0x000000fbc1000000,0x000000fbc1100000)]
  0x000002f27e5f9800 JavaThread "jar transforms Thread 4787" [_thread_blocked, id=1784, stack(0x000000fbc0f00000,0x000000fbc1000000)]
  0x000002f27e5f4800 JavaThread "jar transforms Thread 4786" [_thread_blocked, id=8592, stack(0x000000fbc0e00000,0x000000fbc0f00000)]
  0x000002f27e5f9000 JavaThread "jar transforms Thread 4785" [_thread_blocked, id=14448, stack(0x000000fbc0d00000,0x000000fbc0e00000)]
  0x000002f27e5fb000 JavaThread "jar transforms Thread 4784" [_thread_blocked, id=16548, stack(0x000000fbc0c00000,0x000000fbc0d00000)]
  0x000002f27e5f5000 JavaThread "jar transforms Thread 4783" [_thread_blocked, id=12072, stack(0x000000fbc0b00000,0x000000fbc0c00000)]
  0x000002f27e5f3800 JavaThread "jar transforms Thread 4782" [_thread_blocked, id=16816, stack(0x000000fbc0a00000,0x000000fbc0b00000)]
  0x000002f27e5f8000 JavaThread "jar transforms Thread 4781" [_thread_blocked, id=3036, stack(0x000000fbc0900000,0x000000fbc0a00000)]
  0x000002f27e5ec000 JavaThread "jar transforms Thread 4780" [_thread_blocked, id=17236, stack(0x000000fbc0800000,0x000000fbc0900000)]
  0x000002f27e5f3000 JavaThread "jar transforms Thread 4779" [_thread_blocked, id=13032, stack(0x000000fbc0700000,0x000000fbc0800000)]
  0x000002f27e5eb800 JavaThread "jar transforms Thread 4778" [_thread_blocked, id=10528, stack(0x000000fbc0600000,0x000000fbc0700000)]
  0x000002f27e5f1800 JavaThread "jar transforms Thread 4777" [_thread_blocked, id=14480, stack(0x000000fbc0500000,0x000000fbc0600000)]
  0x000002f27e5f2000 JavaThread "jar transforms Thread 4776" [_thread_blocked, id=16988, stack(0x000000fbc0400000,0x000000fbc0500000)]
  0x000002f27e5ea000 JavaThread "jar transforms Thread 4775" [_thread_blocked, id=1632, stack(0x000000fbc0300000,0x000000fbc0400000)]
  0x000002f27e5f0800 JavaThread "jar transforms Thread 4774" [_thread_blocked, id=4104, stack(0x000000fbc0200000,0x000000fbc0300000)]
  0x000002f27e5e9000 JavaThread "jar transforms Thread 4773" [_thread_blocked, id=14608, stack(0x000000fbc0100000,0x000000fbc0200000)]
  0x000002f27e5ee800 JavaThread "jar transforms Thread 4772" [_thread_blocked, id=2952, stack(0x000000fbc0000000,0x000000fbc0100000)]
  0x000002f27e5f0000 JavaThread "jar transforms Thread 4771" [_thread_blocked, id=14224, stack(0x000000fbbff00000,0x000000fbc0000000)]
  0x000002f27e5ed000 JavaThread "jar transforms Thread 4770" [_thread_blocked, id=14088, stack(0x000000fbbfe00000,0x000000fbbff00000)]
  0x000002f27e5e2800 JavaThread "jar transforms Thread 4769" [_thread_blocked, id=16044, stack(0x000000fbbfd00000,0x000000fbbfe00000)]
  0x000002f27e5e8800 JavaThread "jar transforms Thread 4768" [_thread_blocked, id=15216, stack(0x000000fbbfc00000,0x000000fbbfd00000)]
  0x000002f27e5e7800 JavaThread "jar transforms Thread 4767" [_thread_blocked, id=11752, stack(0x000000fbbfb00000,0x000000fbbfc00000)]
  0x000002f27e5e1000 JavaThread "jar transforms Thread 4766" [_thread_blocked, id=14132, stack(0x000000fbbfa00000,0x000000fbbfb00000)]
  0x000002f27e5e4800 JavaThread "jar transforms Thread 4765" [_thread_blocked, id=7640, stack(0x000000fbbf900000,0x000000fbbfa00000)]
  0x000002f27e5e4000 JavaThread "jar transforms Thread 4764" [_thread_blocked, id=12696, stack(0x000000fbbf800000,0x000000fbbf900000)]
  0x000002f27e5e7000 JavaThread "jar transforms Thread 4763" [_thread_blocked, id=10204, stack(0x000000fbbf700000,0x000000fbbf800000)]
  0x000002f27e5e6000 JavaThread "jar transforms Thread 4762" [_thread_blocked, id=752, stack(0x000000fbbf600000,0x000000fbbf700000)]
  0x000002f27e5e1800 JavaThread "jar transforms Thread 4761" [_thread_blocked, id=8332, stack(0x000000fbbf500000,0x000000fbbf600000)]
  0x000002f27e5de800 JavaThread "jar transforms Thread 4760" [_thread_blocked, id=7812, stack(0x000000fbbf400000,0x000000fbbf500000)]
  0x000002f27e5e0000 JavaThread "jar transforms Thread 4759" [_thread_blocked, id=16440, stack(0x000000fbbf300000,0x000000fbbf400000)]
  0x000002f27dc6b800 JavaThread "jar transforms Thread 4758" [_thread_blocked, id=5732, stack(0x000000fbbf200000,0x000000fbbf300000)]
  0x000002f27dc6a000 JavaThread "jar transforms Thread 4757" [_thread_blocked, id=15712, stack(0x000000fbbf100000,0x000000fbbf200000)]
  0x000002f27dc62800 JavaThread "jar transforms Thread 4756" [_thread_blocked, id=15520, stack(0x000000fbbf000000,0x000000fbbf100000)]
  0x000002f27dc69000 JavaThread "jar transforms Thread 4755" [_thread_blocked, id=14728, stack(0x000000fbbef00000,0x000000fbbf000000)]
  0x000002f27dc68800 JavaThread "jar transforms Thread 4754" [_thread_blocked, id=10772, stack(0x000000fbbee00000,0x000000fbbef00000)]
  0x000002f27dc61000 JavaThread "jar transforms Thread 4753" [_thread_blocked, id=3680, stack(0x000000fbbed00000,0x000000fbbee00000)]
  0x000002f27dc51000 JavaThread "Daemon worker Thread 47" [_thread_blocked, id=11680, stack(0x000000fbbd100000,0x000000fbbd200000)]
  0x000002f27dc52000 JavaThread "Daemon Thread 47" [_thread_blocked, id=12004, stack(0x000000fbbb700000,0x000000fbbb800000)]
  0x000002f27a60f000 JavaThread "pool-465-thread-2" [_thread_blocked, id=676, stack(0x000000fbcb800000,0x000000fbcb900000)]
  0x000002f27a60b800 JavaThread "pool-465-thread-1" [_thread_blocked, id=13024, stack(0x000000fbcb500000,0x000000fbcb600000)]
  0x000002f27e5e5800 JavaThread "pool-457-thread-2" [_thread_blocked, id=12988, stack(0x000000fbcb400000,0x000000fbcb500000)]
  0x000002f27e5e3000 JavaThread "pool-457-thread-1" [_thread_blocked, id=16476, stack(0x000000fbcb300000,0x000000fbcb400000)]
  0x000002f27a141800 JavaThread "pool-440-thread-2" [_thread_blocked, id=13092, stack(0x000000fbcb200000,0x000000fbcb300000)]
  0x000002f27a142800 JavaThread "pool-440-thread-1" [_thread_blocked, id=12760, stack(0x000000fbcb100000,0x000000fbcb200000)]
  0x000002f27a148800 JavaThread "pool-433-thread-2" [_thread_blocked, id=17312, stack(0x000000fbcb000000,0x000000fbcb100000)]
  0x000002f27a147000 JavaThread "pool-433-thread-1" [_thread_blocked, id=16236, stack(0x000000fbcaf00000,0x000000fbcb000000)]
  0x000002f27a14b800 JavaThread "pool-426-thread-2" [_thread_blocked, id=15620, stack(0x000000fbcae00000,0x000000fbcaf00000)]
  0x000002f27a146000 JavaThread "pool-426-thread-1" [_thread_blocked, id=16428, stack(0x000000fbcad00000,0x000000fbcae00000)]
  0x000002f27a144800 JavaThread "pool-418-thread-2" [_thread_blocked, id=10896, stack(0x000000fbcac00000,0x000000fbcad00000)]
  0x000002f27a144000 JavaThread "pool-418-thread-1" [_thread_blocked, id=4524, stack(0x000000fbcab00000,0x000000fbcac00000)]
  0x000002f27a143000 JavaThread "pool-411-thread-2" [_thread_blocked, id=14716, stack(0x000000fbcaa00000,0x000000fbcab00000)]
  0x000002f27a147800 JavaThread "pool-411-thread-1" [_thread_blocked, id=8156, stack(0x000000fbca900000,0x000000fbcaa00000)]
  0x000002f27a156800 JavaThread "pool-404-thread-2" [_thread_blocked, id=15416, stack(0x000000fbca800000,0x000000fbca900000)]
  0x000002f27a150000 JavaThread "pool-404-thread-1" [_thread_blocked, id=17108, stack(0x000000fbca700000,0x000000fbca800000)]
  0x000002f27a613000 JavaThread "pool-395-thread-2" [_thread_blocked, id=7928, stack(0x000000fbca600000,0x000000fbca700000)]
  0x000002f27a617000 JavaThread "pool-395-thread-1" [_thread_blocked, id=15772, stack(0x000000fbca500000,0x000000fbca600000)]
  0x000002f27a612000 JavaThread "pool-387-thread-2" [_thread_blocked, id=14756, stack(0x000000fbca400000,0x000000fbca500000)]
  0x000002f27a618800 JavaThread "pool-387-thread-1" [_thread_blocked, id=8720, stack(0x000000fbca300000,0x000000fbca400000)]
  0x000002f27a60a800 JavaThread "pool-379-thread-2" [_thread_blocked, id=14764, stack(0x000000fbca200000,0x000000fbca300000)]
  0x000002f27a610800 JavaThread "pool-379-thread-1" [_thread_blocked, id=496, stack(0x000000fbca100000,0x000000fbca200000)]
  0x000002f27a5cc000 JavaThread "pool-371-thread-2" [_thread_blocked, id=14592, stack(0x000000fbca000000,0x000000fbca100000)]
  0x000002f27a5d3000 JavaThread "pool-371-thread-1" [_thread_blocked, id=15456, stack(0x000000fbc9f00000,0x000000fbca000000)]
  0x000002f2757f5800 JavaThread "pool-363-thread-2" [_thread_blocked, id=5608, stack(0x000000fbc9e00000,0x000000fbc9f00000)]
  0x000002f2757f5000 JavaThread "pool-363-thread-1" [_thread_blocked, id=5412, stack(0x000000fbc9d00000,0x000000fbc9e00000)]
  0x000002f275807000 JavaThread "pool-355-thread-2" [_thread_blocked, id=8884, stack(0x000000fbc9c00000,0x000000fbc9d00000)]
  0x000002f27580a000 JavaThread "pool-355-thread-1" [_thread_blocked, id=13212, stack(0x000000fbc9b00000,0x000000fbc9c00000)]
  0x000002f27a5d2000 JavaThread "pool-347-thread-2" [_thread_blocked, id=16856, stack(0x000000fbc9a00000,0x000000fbc9b00000)]
  0x000002f27a5d1800 JavaThread "pool-347-thread-1" [_thread_blocked, id=16852, stack(0x000000fbc9900000,0x000000fbc9a00000)]
  0x000002f26a43e800 JavaThread "pool-338-thread-2" [_thread_blocked, id=11916, stack(0x000000fbc9800000,0x000000fbc9900000)]
  0x000002f26a43a800 JavaThread "pool-338-thread-1" [_thread_blocked, id=12932, stack(0x000000fbc9700000,0x000000fbc9800000)]
  0x000002f2757fa800 JavaThread "pool-330-thread-2" [_thread_blocked, id=14464, stack(0x000000fbc9600000,0x000000fbc9700000)]
  0x000002f2757ff000 JavaThread "pool-330-thread-1" [_thread_blocked, id=484, stack(0x000000fbc9500000,0x000000fbc9600000)]
  0x000002f27a5cd800 JavaThread "pool-322-thread-2" [_thread_blocked, id=2224, stack(0x000000fbc9400000,0x000000fbc9500000)]
  0x000002f27a5ba000 JavaThread "pool-322-thread-1" [_thread_blocked, id=2708, stack(0x000000fbc9300000,0x000000fbc9400000)]
  0x000002f27a195000 JavaThread "pool-314-thread-2" [_thread_blocked, id=14556, stack(0x000000fbc9200000,0x000000fbc9300000)]
  0x000002f27a197800 JavaThread "pool-314-thread-1" [_thread_blocked, id=7548, stack(0x000000fbc9100000,0x000000fbc9200000)]
  0x000002f27a5ba800 JavaThread "pool-306-thread-2" [_thread_blocked, id=15720, stack(0x000000fbc9000000,0x000000fbc9100000)]
  0x000002f27a5c0000 JavaThread "pool-306-thread-1" [_thread_blocked, id=15452, stack(0x000000fbc8f00000,0x000000fbc9000000)]
  0x000002f27a5cd000 JavaThread "pool-298-thread-2" [_thread_blocked, id=15256, stack(0x000000fbc8e00000,0x000000fbc8f00000)]
  0x000002f27a5ca800 JavaThread "pool-298-thread-1" [_thread_blocked, id=1580, stack(0x000000fbc8d00000,0x000000fbc8e00000)]
  0x000002f27a5b9000 JavaThread "pool-290-thread-2" [_thread_blocked, id=11644, stack(0x000000fbc8c00000,0x000000fbc8d00000)]
  0x000002f27a5be800 JavaThread "pool-290-thread-1" [_thread_blocked, id=14120, stack(0x000000fbc8a00000,0x000000fbc8b00000)]
  0x000002f27a5c3000 JavaThread "pool-283-thread-2" [_thread_blocked, id=10664, stack(0x000000fbc8900000,0x000000fbc8a00000)]
  0x000002f27a5c2000 JavaThread "pool-283-thread-1" [_thread_blocked, id=15500, stack(0x000000fbc8800000,0x000000fbc8900000)]
  0x000002f27a5bd800 JavaThread "pool-275-thread-2" [_thread_blocked, id=15396, stack(0x000000fbc8700000,0x000000fbc8800000)]
  0x000002f27a5bc000 JavaThread "pool-275-thread-1" [_thread_blocked, id=1704, stack(0x000000fbc8600000,0x000000fbc8700000)]
  0x000002f275808800 JavaThread "pool-266-thread-2" [_thread_blocked, id=16188, stack(0x000000fbc8500000,0x000000fbc8600000)]
  0x000002f2757fb000 JavaThread "pool-266-thread-1" [_thread_blocked, id=8200, stack(0x000000fbc8400000,0x000000fbc8500000)]
  0x000002f27dc5b000 JavaThread "pool-257-thread-2" [_thread_blocked, id=10340, stack(0x000000fbc8300000,0x000000fbc8400000)]
  0x000002f27dc5d000 JavaThread "pool-257-thread-1" [_thread_blocked, id=6208, stack(0x000000fbc8200000,0x000000fbc8300000)]
  0x000002f27dc5a000 JavaThread "pool-249-thread-2" [_thread_blocked, id=14496, stack(0x000000fbc8100000,0x000000fbc8200000)]
  0x000002f27dc4c800 JavaThread "pool-249-thread-1" [_thread_blocked, id=7044, stack(0x000000fbc8000000,0x000000fbc8100000)]
  0x000002f27dc50800 JavaThread "pool-242-thread-2" [_thread_blocked, id=13020, stack(0x000000fbc7f00000,0x000000fbc8000000)]
  0x000002f27dc4f800 JavaThread "pool-242-thread-1" [_thread_blocked, id=6252, stack(0x000000fbc7e00000,0x000000fbc7f00000)]
  0x000002f27dc65800 JavaThread "pool-233-thread-2" [_thread_blocked, id=16124, stack(0x000000fbc7d00000,0x000000fbc7e00000)]
  0x000002f27dc64800 JavaThread "pool-233-thread-1" [_thread_blocked, id=15740, stack(0x000000fbc7c00000,0x000000fbc7d00000)]
  0x000002f27a194800 JavaThread "pool-219-thread-2" [_thread_blocked, id=2964, stack(0x000000fbc7b00000,0x000000fbc7c00000)]
  0x000002f27a199800 JavaThread "pool-219-thread-1" [_thread_blocked, id=3644, stack(0x000000fbc7a00000,0x000000fbc7b00000)]
  0x000002f26f272800 JavaThread "pool-210-thread-2" [_thread_blocked, id=296, stack(0x000000fbc7900000,0x000000fbc7a00000)]
  0x000002f26f271000 JavaThread "pool-210-thread-1" [_thread_blocked, id=1044, stack(0x000000fbc7800000,0x000000fbc7900000)]
  0x000002f26ed68000 JavaThread "pool-203-thread-2" [_thread_blocked, id=13300, stack(0x000000fbc7700000,0x000000fbc7800000)]
  0x000002f26ed5d000 JavaThread "pool-203-thread-1" [_thread_blocked, id=15932, stack(0x000000fbc7600000,0x000000fbc7700000)]
  0x000002f27a7c4000 JavaThread "pool-194-thread-2" [_thread_blocked, id=15096, stack(0x000000fbc7500000,0x000000fbc7600000)]
  0x000002f27a7b6800 JavaThread "pool-194-thread-1" [_thread_blocked, id=5808, stack(0x000000fbc7400000,0x000000fbc7500000)]
  0x000002f27a7b8800 JavaThread "pool-186-thread-2" [_thread_blocked, id=4684, stack(0x000000fbc7300000,0x000000fbc7400000)]
  0x000002f27a7bc800 JavaThread "pool-186-thread-1" [_thread_blocked, id=4648, stack(0x000000fbc7200000,0x000000fbc7300000)]
  0x000002f27a7b9800 JavaThread "pool-178-thread-2" [_thread_blocked, id=14040, stack(0x000000fbc7100000,0x000000fbc7200000)]
  0x000002f27a7bb800 JavaThread "pool-178-thread-1" [_thread_blocked, id=1668, stack(0x000000fbc7000000,0x000000fbc7100000)]
  0x000002f27a7bf800 JavaThread "pool-170-thread-2" [_thread_blocked, id=8620, stack(0x000000fbc6f00000,0x000000fbc7000000)]
  0x000002f27a7be000 JavaThread "pool-170-thread-1" [_thread_blocked, id=13468, stack(0x000000fbc6e00000,0x000000fbc6f00000)]
  0x000002f27a5c9000 JavaThread "pool-162-thread-2" [_thread_blocked, id=14536, stack(0x000000fbc6c00000,0x000000fbc6d00000)]
  0x000002f27a5c8000 JavaThread "pool-162-thread-1" [_thread_blocked, id=15900, stack(0x000000fbc6b00000,0x000000fbc6c00000)]
  0x000002f27a7b8000 JavaThread "pool-155-thread-2" [_thread_blocked, id=15632, stack(0x000000fbc6a00000,0x000000fbc6b00000)]
  0x000002f27a7ba000 JavaThread "pool-155-thread-1" [_thread_blocked, id=9176, stack(0x000000fbc6900000,0x000000fbc6a00000)]
  0x000002f27580b800 JavaThread "pool-147-thread-2" [_thread_blocked, id=16208, stack(0x000000fbc6800000,0x000000fbc6900000)]
  0x000002f27580c800 JavaThread "pool-147-thread-1" [_thread_blocked, id=7836, stack(0x000000fbc6700000,0x000000fbc6800000)]
  0x000002f27a5d0000 JavaThread "pool-140-thread-2" [_thread_blocked, id=16352, stack(0x000000fbc6600000,0x000000fbc6700000)]
  0x000002f27a5c3800 JavaThread "pool-140-thread-1" [_thread_blocked, id=6452, stack(0x000000fbc6500000,0x000000fbc6600000)]
  0x000002f27a5cb000 JavaThread "pool-133-thread-2" [_thread_blocked, id=8376, stack(0x000000fbc6400000,0x000000fbc6500000)]
  0x000002f27a5c9800 JavaThread "pool-133-thread-1" [_thread_blocked, id=5564, stack(0x000000fbc6300000,0x000000fbc6400000)]
  0x000002f275805800 JavaThread "pool-125-thread-2" [_thread_blocked, id=1068, stack(0x000000fbc6200000,0x000000fbc6300000)]
  0x000002f2757fe000 JavaThread "pool-125-thread-1" [_thread_blocked, id=14816, stack(0x000000fbc6100000,0x000000fbc6200000)]
  0x000002f27a5c6800 JavaThread "pool-116-thread-2" [_thread_blocked, id=15248, stack(0x000000fbc6000000,0x000000fbc6100000)]
  0x000002f27a5c5000 JavaThread "pool-116-thread-1" [_thread_blocked, id=2424, stack(0x000000fbc5f00000,0x000000fbc6000000)]
  0x000002f2757fc000 JavaThread "pool-109-thread-2" [_thread_blocked, id=15868, stack(0x000000fbc5e00000,0x000000fbc5f00000)]
  0x000002f2757fd800 JavaThread "pool-109-thread-1" [_thread_blocked, id=15864, stack(0x000000fbc5d00000,0x000000fbc5e00000)]
  0x000002f27a5c4800 JavaThread "pool-100-thread-2" [_thread_blocked, id=10748, stack(0x000000fbc5c00000,0x000000fbc5d00000)]
  0x000002f27a5c7800 JavaThread "pool-100-thread-1" [_thread_blocked, id=10796, stack(0x000000fbc5b00000,0x000000fbc5c00000)]
  0x000002f27a1aa000 JavaThread "pool-92-thread-2" [_thread_blocked, id=1692, stack(0x000000fbc5a00000,0x000000fbc5b00000)]
  0x000002f27a1a5000 JavaThread "pool-92-thread-1" [_thread_blocked, id=13976, stack(0x000000fbc5900000,0x000000fbc5a00000)]
  0x000002f272332800 JavaThread "pool-84-thread-2" [_thread_blocked, id=2112, stack(0x000000fbc5800000,0x000000fbc5900000)]
  0x000002f27232f000 JavaThread "pool-84-thread-1" [_thread_blocked, id=14048, stack(0x000000fbc5700000,0x000000fbc5800000)]
  0x000002f27232c800 JavaThread "pool-77-thread-2" [_thread_blocked, id=5632, stack(0x000000fbc5600000,0x000000fbc5700000)]
  0x000002f27232d800 JavaThread "pool-77-thread-1" [_thread_blocked, id=12868, stack(0x000000fbc5400000,0x000000fbc5500000)]
  0x000002f272327800 JavaThread "pool-69-thread-2" [_thread_blocked, id=8660, stack(0x000000fbc5300000,0x000000fbc5400000)]
  0x000002f27232e000 JavaThread "pool-69-thread-1" [_thread_blocked, id=14828, stack(0x000000fbc5200000,0x000000fbc5300000)]
  0x000002f272329800 JavaThread "pool-61-thread-2" [_thread_blocked, id=14108, stack(0x000000fbc5100000,0x000000fbc5200000)]
  0x000002f272329000 JavaThread "pool-61-thread-1" [_thread_blocked, id=10460, stack(0x000000fbc5000000,0x000000fbc5100000)]
  0x000002f27a5c1800 JavaThread "Cache worker for Java compile cache (C:\Users\Asus\AppData\Local\Android\Sdk\caches\6.7.1\javaCompile)" [_thread_blocked, id=6516, stack(0x000000fbc8b00000,0x000000fbc8c00000)]
  0x000002f27a7bd000 JavaThread "Java2D Disposer" daemon [_thread_blocked, id=4208, stack(0x000000fbc6d00000,0x000000fbc6e00000)]
  0x000002f26ed61800 JavaThread "Memory manager" [_thread_blocked, id=12088, stack(0x000000fbc5500000,0x000000fbc5600000)]
  0x000002f26c476000 JavaThread "Cache worker for file content cache (C:\Users\Asus\AppData\Local\Android\Sdk\caches\6.7.1\fileContent)" [_thread_blocked, id=12084, stack(0x000000fbbe500000,0x000000fbbe600000)]
  0x000002f26a43d800 JavaThread "Cache worker for execution history cache (C:\Users\Asus\AppData\Local\Android\Sdk\caches\6.7.1\executionHistory)" [_thread_blocked, id=13444, stack(0x000000fbbe300000,0x000000fbbe400000)]
  0x000002f26a439000 JavaThread "Cache worker for journal cache (C:\Users\Asus\AppData\Local\Android\Sdk\caches\journal-1)" [_thread_blocked, id=13584, stack(0x000000fbbde00000,0x000000fbbdf00000)]
  0x000002f26a43f000 JavaThread "File lock request listener" [_thread_in_native, id=4272, stack(0x000000fbbdd00000,0x000000fbbde00000)]
  0x000002f26a43c000 JavaThread "Cache worker for file hash cache (C:\Users\Asus\AppData\Local\Android\Sdk\caches\6.7.1\fileHashes)" [_thread_blocked, id=5712, stack(0x000000fbbdc00000,0x000000fbbdd00000)]
  0x000002f26bf3e000 JavaThread "Daemon periodic checks" [_thread_blocked, id=3500, stack(0x000000fbbd400000,0x000000fbbd500000)]
  0x000002f26bf43000 JavaThread "Incoming local TCP Connector on port 55143" [_thread_in_native, id=4364, stack(0x000000fbbd300000,0x000000fbbd400000)]
  0x000002f26bb0d800 JavaThread "Daemon health stats" [_thread_blocked, id=12796, stack(0x000000fbbd000000,0x000000fbbd100000)]
  0x000002f26a0cf000 JavaThread "Service Thread" daemon [_thread_blocked, id=9784, stack(0x000000fbbce00000,0x000000fbbcf00000)]
  0x000002f26891a000 JavaThread "C1 CompilerThread3" daemon [_thread_blocked, id=1920, stack(0x000000fbbcd00000,0x000000fbbce00000)]
=>0x000002f268916000 JavaThread "C2 CompilerThread2" daemon [_thread_in_native, id=14928, stack(0x000000fbbcc00000,0x000000fbbcd00000)]
  0x000002f268910000 JavaThread "C2 CompilerThread1" daemon [_thread_blocked, id=14412, stack(0x000000fbbcb00000,0x000000fbbcc00000)]
  0x000002f2688fc000 JavaThread "C2 CompilerThread0" daemon [_thread_blocked, id=14516, stack(0x000000fbbca00000,0x000000fbbcb00000)]
  0x000002f26a053000 JavaThread "Attach Listener" daemon [_thread_blocked, id=3360, stack(0x000000fbbc900000,0x000000fbbca00000)]
  0x000002f26a052800 JavaThread "Signal Dispatcher" daemon [_thread_blocked, id=6964, stack(0x000000fbbc800000,0x000000fbbc900000)]
  0x000002f2688c2000 JavaThread "Finalizer" daemon [_thread_blocked, id=2232, stack(0x000000fbbc700000,0x000000fbbc800000)]
  0x000002f2688ba800 JavaThread "Reference Handler" daemon [_thread_blocked, id=4508, stack(0x000000fbbc600000,0x000000fbbc700000)]
  0x000002f2519e0000 JavaThread "main" [_thread_blocked, id=12852, stack(0x000000fbbba00000,0x000000fbbbb00000)]

Other Threads:
  0x000002f268892000 VMThread [stack: 0x000000fbbc500000,0x000000fbbc600000] [id=8964]
  0x000002f26a0d9000 WatcherThread [stack: 0x000000fbbcf00000,0x000000fbbd000000] [id=13684]

VM state:at safepoint (normal execution)

VM Mutex/Monitor currently owned by a thread: None

heap address: 0x0000000080000000, size: 2048 MB, Compressed Oops mode: 32-bit
Narrow klass base: 0x0000000000000000, Narrow klass shift: 3
Compressed class space size: 1073741824 Address: 0x0000000100000000

Heap:
 PSYoungGen      total 635904K, used 240577K [0x00000000d5580000, 0x0000000100000000, 0x0000000100000000)
  eden space 570880K, 41% used [0x00000000d5580000,0x00000000e3a6c610,0x00000000f8300000)
  from space 65024K, 9% used [0x00000000fc080000,0x00000000fc684010,0x0000000100000000)
  to   space 62976K, 0% used [0x00000000f8300000,0x00000000f8300000,0x00000000fc080000)
 ParOldGen       total 1398272K, used 827300K [0x0000000080000000, 0x00000000d5580000, 0x00000000d5580000)
  object space 1398272K, 59% used [0x0000000080000000,0x00000000b27e90e8,0x00000000d5580000)
 Metaspace       used 195363K, capacity 209236K, committed 216704K, reserved 1239040K
  class space    used 24115K, capacity 26274K, committed 27520K, reserved 1048576K

Card table byte_map: [0x000002f262680000,0x000002f262a90000] byte_map_base: 0x000002f262280000

Marking Bits: (ParMarkBitMap*) 0x0000000051da7fe0
 Begin Bits: [0x000002f262d40000, 0x000002f264d40000)
 End Bits:   [0x000002f264d40000, 0x000002f266d40000)

Polling page: 0x000002f253290000

CodeCache: size=245760Kb used=169322Kb max_used=170320Kb free=76437Kb
 bounds [0x000002f2532c0000, 0x000002f25da70000, 0x000002f2622c0000]
 total_blobs=43250 nmethods=42098 adapters=1061
 compilation: enabled

Compilation events (10 events):
Event: 25620.044 Thread 0x000002f26891a000 nmethod 65286 0x000002f25c60df90 code [0x000002f25c60e0e0, 0x000002f25c60e1f8]
Event: 25654.144 Thread 0x000002f2688fc000 65287       4       kotlin.sequences.FilteringSequence$iterator$1::hasNext (26 bytes)
Event: 25654.146 Thread 0x000002f2688fc000 nmethod 65287 0x000002f25c617450 code [0x000002f25c6175a0, 0x000002f25c617758]
Event: 25654.211 Thread 0x000002f268910000 65288       4       org.gradle.api.internal.collections.SortedSetElementSource::realizePending (11 bytes)
Event: 25654.212 Thread 0x000002f268910000 nmethod 65288 0x000002f253736ad0 code [0x000002f253736c20, 0x000002f253736d18]
Event: 25654.224 Thread 0x000002f268916000 65289 %     4       org.gradle.execution.plan.DefaultExecutionPlan::determineExecutionPlan @ 56 (693 bytes)
Event: 25654.228 Thread 0x000002f26891a000 65290       3       com.google.wireless.android.sdk.stats.GradleBuildProject$PluginType::forNumber (82 bytes)
Event: 25654.228 Thread 0x000002f26891a000 nmethod 65290 0x000002f254046950 code [0x000002f254046ac0, 0x000002f254046cf8]
Event: 25654.445 Thread 0x000002f2688fc000 65291       4       org.gradle.api.internal.tasks.properties.ValidationActions$4::doValidate (139 bytes)
Event: 25654.446 Thread 0x000002f268910000 65292       4       org.gradle.api.internal.tasks.execution.DefaultTaskSnapshotter::snapshotTaskFiles (90 bytes)

GC Heap History (10 events):
Event: 25615.421 GC heap before
{Heap before GC invocations=2469 (full 61):
 PSYoungGen      total 662528K, used 636992K [0x00000000d5580000, 0x00000000ffb80000, 0x0000000100000000)
  eden space 633856K, 100% used [0x00000000d5580000,0x00000000fc080000,0x00000000fc080000)
  from space 28672K, 10% used [0x00000000fc080000,0x00000000fc390000,0x00000000fdc80000)
  to   space 27136K, 0% used [0x00000000fe100000,0x00000000fe100000,0x00000000ffb80000)
 ParOldGen       total 1398272K, used 700845K [0x0000000080000000, 0x00000000d5580000, 0x00000000d5580000)
  object space 1398272K, 50% used [0x0000000080000000,0x00000000aac6b5f0,0x00000000d5580000)
 Metaspace       used 195334K, capacity 209168K, committed 216704K, reserved 1239040K
  class space    used 24115K, capacity 26274K, committed 27520K, reserved 1048576K
Event: 25615.432 GC heap after
Heap after GC invocations=2469 (full 61):
 PSYoungGen      total 668160K, used 3680K [0x00000000d5580000, 0x00000000ffa80000, 0x0000000100000000)
  eden space 642048K, 0% used [0x00000000d5580000,0x00000000d5580000,0x00000000fc880000)
  from space 26112K, 14% used [0x00000000fe100000,0x00000000fe498040,0x00000000ffa80000)
  to   space 25088K, 0% used [0x00000000fc880000,0x00000000fc880000,0x00000000fe100000)
 ParOldGen       total 1398272K, used 703405K [0x0000000080000000, 0x00000000d5580000, 0x00000000d5580000)
  object space 1398272K, 50% used [0x0000000080000000,0x00000000aaeeb5f0,0x00000000d5580000)
 Metaspace       used 195334K, capacity 209168K, committed 216704K, reserved 1239040K
  class space    used 24115K, capacity 26274K, committed 27520K, reserved 1048576K
}
Event: 25616.908 GC heap before
{Heap before GC invocations=2470 (full 61):
 PSYoungGen      total 668160K, used 645728K [0x00000000d5580000, 0x00000000ffa80000, 0x0000000100000000)
  eden space 642048K, 100% used [0x00000000d5580000,0x00000000fc880000,0x00000000fc880000)
  from space 26112K, 14% used [0x00000000fe100000,0x00000000fe498040,0x00000000ffa80000)
  to   space 25088K, 0% used [0x00000000fc880000,0x00000000fc880000,0x00000000fe100000)
 ParOldGen       total 1398272K, used 703405K [0x0000000080000000, 0x00000000d5580000, 0x00000000d5580000)
  object space 1398272K, 50% used [0x0000000080000000,0x00000000aaeeb5f0,0x00000000d5580000)
 Metaspace       used 195334K, capacity 209168K, committed 216704K, reserved 1239040K
  class space    used 24115K, capacity 26274K, committed 27520K, reserved 1048576K
Event: 25616.957 GC heap after
Heap after GC invocations=2470 (full 61):
 PSYoungGen      total 667136K, used 25075K [0x00000000d5580000, 0x0000000100000000, 0x0000000100000000)
  eden space 642048K, 0% used [0x00000000d5580000,0x00000000d5580000,0x00000000fc880000)
  from space 25088K, 99% used [0x00000000fc880000,0x00000000fe0fcd58,0x00000000fe100000)
  to   space 31744K, 0% used [0x00000000fe100000,0x00000000fe100000,0x0000000100000000)
 ParOldGen       total 1398272K, used 791143K [0x0000000080000000, 0x00000000d5580000, 0x00000000d5580000)
  object space 1398272K, 56% used [0x0000000080000000,0x00000000b0499c70,0x00000000d5580000)
 Metaspace       used 195334K, capacity 209168K, committed 216704K, reserved 1239040K
  class space    used 24115K, capacity 26274K, committed 27520K, reserved 1048576K
}
Event: 25617.994 GC heap before
{Heap before GC invocations=2471 (full 61):
 PSYoungGen      total 667136K, used 667123K [0x00000000d5580000, 0x0000000100000000, 0x0000000100000000)
  eden space 642048K, 100% used [0x00000000d5580000,0x00000000fc880000,0x00000000fc880000)
  from space 25088K, 99% used [0x00000000fc880000,0x00000000fe0fcd58,0x00000000fe100000)
  to   space 31744K, 0% used [0x00000000fe100000,0x00000000fe100000,0x0000000100000000)
 ParOldGen       total 1398272K, used 791143K [0x0000000080000000, 0x00000000d5580000, 0x00000000d5580000)
  object space 1398272K, 56% used [0x0000000080000000,0x00000000b0499c70,0x00000000d5580000)
 Metaspace       used 195335K, capacity 209168K, committed 216704K, reserved 1239040K
  class space    used 24115K, capacity 26274K, committed 27520K, reserved 1048576K
Event: 25618.018 GC heap after
Heap after GC invocations=2471 (full 61):
 PSYoungGen      total 611840K, used 19993K [0x00000000d5580000, 0x0000000100000000, 0x0000000100000000)
  eden space 580096K, 0% used [0x00000000d5580000,0x00000000d5580000,0x00000000f8c00000)
  from space 31744K, 62% used [0x00000000fe100000,0x00000000ff486400,0x0000000100000000)
  to   space 59392K, 0% used [0x00000000f8c00000,0x00000000f8c00000,0x00000000fc600000)
 ParOldGen       total 1398272K, used 814670K [0x0000000080000000, 0x00000000d5580000, 0x00000000d5580000)
  object space 1398272K, 58% used [0x0000000080000000,0x00000000b1b93a68,0x00000000d5580000)
 Metaspace       used 195335K, capacity 209168K, committed 216704K, reserved 1239040K
  class space    used 24115K, capacity 26274K, committed 27520K, reserved 1048576K
}
Event: 25618.413 GC heap before
{Heap before GC invocations=2472 (full 61):
 PSYoungGen      total 611840K, used 600089K [0x00000000d5580000, 0x0000000100000000, 0x0000000100000000)
  eden space 580096K, 100% used [0x00000000d5580000,0x00000000f8c00000,0x00000000f8c00000)
  from space 31744K, 62% used [0x00000000fe100000,0x00000000ff486400,0x0000000100000000)
  to   space 59392K, 0% used [0x00000000f8c00000,0x00000000f8c00000,0x00000000fc600000)
 ParOldGen       total 1398272K, used 814670K [0x0000000080000000, 0x00000000d5580000, 0x00000000d5580000)
  object space 1398272K, 58% used [0x0000000080000000,0x00000000b1b93a68,0x00000000d5580000)
 Metaspace       used 195335K, capacity 209168K, committed 216704K, reserved 1239040K
  class space    used 24115K, capacity 26274K, committed 27520K, reserved 1048576K
Event: 25618.446 GC heap after
Heap after GC invocations=2472 (full 61):
 PSYoungGen      total 623616K, used 43464K [0x00000000d5580000, 0x0000000100000000, 0x0000000100000000)
  eden space 580096K, 0% used [0x00000000d5580000,0x00000000d5580000,0x00000000f8c00000)
  from space 43520K, 99% used [0x00000000f8c00000,0x00000000fb6722a0,0x00000000fb680000)
  to   space 65024K, 0% used [0x00000000fc080000,0x00000000fc080000,0x0000000100000000)
 ParOldGen       total 1398272K, used 818180K [0x0000000080000000, 0x00000000d5580000, 0x00000000d5580000)
  object space 1398272K, 58% used [0x0000000080000000,0x00000000b1f010d8,0x00000000d5580000)
 Metaspace       used 195335K, capacity 209168K, committed 216704K, reserved 1239040K
  class space    used 24115K, capacity 26274K, committed 27520K, reserved 1048576K
}
Event: 25619.826 GC heap before
{Heap before GC invocations=2473 (full 61):
 PSYoungGen      total 623616K, used 623560K [0x00000000d5580000, 0x0000000100000000, 0x0000000100000000)
  eden space 580096K, 100% used [0x00000000d5580000,0x00000000f8c00000,0x00000000f8c00000)
  from space 43520K, 99% used [0x00000000f8c00000,0x00000000fb6722a0,0x00000000fb680000)
  to   space 65024K, 0% used [0x00000000fc080000,0x00000000fc080000,0x0000000100000000)
 ParOldGen       total 1398272K, used 818180K [0x0000000080000000, 0x00000000d5580000, 0x00000000d5580000)
  object space 1398272K, 58% used [0x0000000080000000,0x00000000b1f010d8,0x00000000d5580000)
 Metaspace       used 195336K, capacity 209168K, committed 216704K, reserved 1239040K
  class space    used 24115K, capacity 26274K, committed 27520K, reserved 1048576K
Event: 25619.843 GC heap after
Heap after GC invocations=2473 (full 61):
 PSYoungGen      total 635904K, used 6160K [0x00000000d5580000, 0x0000000100000000, 0x0000000100000000)
  eden space 570880K, 0% used [0x00000000d5580000,0x00000000d5580000,0x00000000f8300000)
  from space 65024K, 9% used [0x00000000fc080000,0x00000000fc684010,0x0000000100000000)
  to   space 62976K, 0% used [0x00000000f8300000,0x00000000f8300000,0x00000000fc080000)
 ParOldGen       total 1398272K, used 827300K [0x0000000080000000, 0x00000000d5580000, 0x00000000d5580000)
  object space 1398272K, 59% used [0x0000000080000000,0x00000000b27e90e8,0x00000000d5580000)
 Metaspace       used 195336K, capacity 209168K, committed 216704K, reserved 1239040K
  class space    used 24115K, capacity 26274K, committed 27520K, reserved 1048576K
}

Deoptimization events (10 events):
Event: 24737.880 Thread 0x000002f27dc55800 Uncommon trap: reason=speculate_class_check action=maybe_recompile pc=0x000002f25773fbd8 method=org.gradle.internal.snapshot.AbstractIncompleteSnapshotWithChildren.withReplacedChild(ILorg/gradle/internal/snapshot/FileSystemNode;Lorg/gradle/internal/snapsh
Event: 24737.882 Thread 0x000002f27dc55800 Uncommon trap: reason=speculate_class_check action=maybe_recompile pc=0x000002f2551ba030 method=org.gradle.internal.snapshot.AbstractIncompleteSnapshotWithChildren.withReplacedChild(ILorg/gradle/internal/snapshot/FileSystemNode;Lorg/gradle/internal/snapsh
Event: 24737.910 Thread 0x000002f27dc66000 Uncommon trap: reason=unstable_if action=reinterpret pc=0x000002f257b33590 method=org.gradle.cache.internal.btree.BTreePersistentIndexedCache$DataBlock.useNewValue(Ljava/lang/Object;)Lorg/gradle/cache/internal/btree/BTreePersistentIndexedCache$DataBlockUp
Event: 24737.911 Thread 0x000002f27dc66000 Uncommon trap: reason=unstable_if action=reinterpret pc=0x000002f25b29dc1c method=org.gradle.cache.internal.btree.BTreePersistentIndexedCache$DataBlockUpdateResult.isFailed()Z @ 4
Event: 24742.843 Thread 0x000002f27a61b800 Uncommon trap: reason=unstable_if action=reinterpret pc=0x000002f255663208 method=org.gradle.internal.service.DefaultServiceRegistry$ManagedObjectServiceProvider.getInstance()Ljava/lang/Object; @ 19
Event: 24743.098 Thread 0x000002f27dc58000 Uncommon trap: reason=predicate action=maybe_recompile pc=0x000002f256a48184 method=com.google.common.collect.ImmutableList.copyIntoArray([Ljava/lang/Object;I)I @ 14
Event: 24743.098 Thread 0x000002f27dc58000 Uncommon trap: reason=unstable_if action=reinterpret pc=0x000002f254acb95c method=java.util.HashMap.containsValue(Ljava/lang/Object;)Z @ 13
Event: 24759.318 Thread 0x000002f27dc5f800 Uncommon trap: reason=unstable_if action=reinterpret pc=0x000002f25b2c1484 method=com.android.tools.r8.utils.E.a(Ljava/lang/String;I)Ljava/lang/String; @ 4
Event: 24761.948 Thread 0x000002f27a60b800 Uncommon trap: reason=unstable_if action=reinterpret pc=0x000002f253c5d830 method=java.math.MutableBigInteger.mul(ILjava/math/MutableBigInteger;)V @ 12
Event: 25475.038 Thread 0x000002f27dc4f000 Uncommon trap: reason=bimorphic action=maybe_recompile pc=0x000002f2538a835c method=java.io.DataOutputStream.writeShort(I)V @ 12

Classes redefined (0 events):
No events

Internal exceptions (10 events):
Event: 25604.745 Thread 0x000002f27dc51000 Exception <a 'sun/nio/fs/WindowsException'> (0x00000000f6f45ee0) thrown at [C:\jenkins\workspace\8-2-build-windows-amd64-cygwin\jdk8u291\1294\hotspot\src\share\vm\prims\jni.cpp, line 710]
Event: 25604.748 Thread 0x000002f27dc51000 Exception <a 'sun/nio/fs/WindowsException'> (0x00000000f6f61050) thrown at [C:\jenkins\workspace\8-2-build-windows-amd64-cygwin\jdk8u291\1294\hotspot\src\share\vm\prims\jni.cpp, line 710]
Event: 25604.749 Thread 0x000002f27dc51000 Exception <a 'sun/nio/fs/WindowsException'> (0x00000000f6f664b8) thrown at [C:\jenkins\workspace\8-2-build-windows-amd64-cygwin\jdk8u291\1294\hotspot\src\share\vm\prims\jni.cpp, line 710]
Event: 25604.749 Thread 0x000002f27dc51000 Exception <a 'sun/nio/fs/WindowsException'> (0x00000000f6f672f0) thrown at [C:\jenkins\workspace\8-2-build-windows-amd64-cygwin\jdk8u291\1294\hotspot\src\share\vm\prims\jni.cpp, line 710]
Event: 25604.749 Thread 0x000002f27dc51000 Exception <a 'sun/nio/fs/WindowsException'> (0x00000000f6f68128) thrown at [C:\jenkins\workspace\8-2-build-windows-amd64-cygwin\jdk8u291\1294\hotspot\src\share\vm\prims\jni.cpp, line 710]
Event: 25604.749 Thread 0x000002f27dc51000 Exception <a 'sun/nio/fs/WindowsException'> (0x00000000f6f68f70) thrown at [C:\jenkins\workspace\8-2-build-windows-amd64-cygwin\jdk8u291\1294\hotspot\src\share\vm\prims\jni.cpp, line 710]
Event: 25604.749 Thread 0x000002f27dc51000 Exception <a 'sun/nio/fs/WindowsException'> (0x00000000f6f69e80) thrown at [C:\jenkins\workspace\8-2-build-windows-amd64-cygwin\jdk8u291\1294\hotspot\src\share\vm\prims\jni.cpp, line 710]
Event: 25619.077 Thread 0x000002f27a138800 Exception <a 'sun/nio/fs/WindowsException'> (0x00000000e92b9148) thrown at [C:\jenkins\workspace\8-2-build-windows-amd64-cygwin\jdk8u291\1294\hotspot\src\share\vm\prims\jni.cpp, line 710]
Event: 25619.677 Thread 0x000002f27a138000 Exception <a 'sun/nio/fs/WindowsException'> (0x00000000f84d5948) thrown at [C:\jenkins\workspace\8-2-build-windows-amd64-cygwin\jdk8u291\1294\hotspot\src\share\vm\prims\jni.cpp, line 710]
Event: 25654.160 Thread 0x000002f27dc51000 Exception <a 'sun/nio/fs/WindowsException'> (0x00000000dd94c990) thrown at [C:\jenkins\workspace\8-2-build-windows-amd64-cygwin\jdk8u291\1294\hotspot\src\share\vm\prims\jni.cpp, line 710]

Events (10 events):
Event: 25654.456 Executing VM operation: RevokeBias
Event: 25654.456 Executing VM operation: RevokeBias done
Event: 25654.456 Executing VM operation: RevokeBias
Event: 25654.457 Executing VM operation: RevokeBias done
Event: 25654.457 Executing VM operation: RevokeBias
Event: 25654.457 Executing VM operation: RevokeBias done
Event: 25654.457 Executing VM operation: RevokeBias
Event: 25654.458 Executing VM operation: RevokeBias done
Event: 25654.458 Executing VM operation: RevokeBias
Event: 25654.458 Executing VM operation: RevokeBias done


Dynamic libraries:
0x00007ff6042c0000 - 0x00007ff604307000 	C:\Program Files\Java\jdk1.8.0_291\bin\java.exe
0x00007ffbc0970000 - 0x00007ffbc0b65000 	C:\WINDOWS\SYSTEM32\ntdll.dll
0x00007ffbc0410000 - 0x00007ffbc04cd000 	C:\WINDOWS\System32\KERNEL32.DLL
0x00007ffbbe230000 - 0x00007ffbbe4f9000 	C:\WINDOWS\System32\KERNELBASE.dll
0x00007ffbbf1c0000 - 0x00007ffbbf26c000 	C:\WINDOWS\System32\ADVAPI32.dll
0x00007ffbc05b0000 - 0x00007ffbc064e000 	C:\WINDOWS\System32\msvcrt.dll
0x00007ffbc0310000 - 0x00007ffbc03ab000 	C:\WINDOWS\System32\sechost.dll
0x00007ffbbe9e0000 - 0x00007ffbbeb0a000 	C:\WINDOWS\System32\RPCRT4.dll
0x00007ffbc0650000 - 0x00007ffbc07f0000 	C:\WINDOWS\System32\USER32.dll
0x00007ffbbe0b0000 - 0x00007ffbbe0d2000 	C:\WINDOWS\System32\win32u.dll
0x00007ffbbf050000 - 0x00007ffbbf07a000 	C:\WINDOWS\System32\GDI32.dll
0x00007ffbbe500000 - 0x00007ffbbe60b000 	C:\WINDOWS\System32\gdi32full.dll
0x00007ffbbe190000 - 0x00007ffbbe22d000 	C:\WINDOWS\System32\msvcp_win.dll
0x00007ffbbe830000 - 0x00007ffbbe930000 	C:\WINDOWS\System32\ucrtbase.dll
0x00007ffba4940000 - 0x00007ffba4bda000 	C:\WINDOWS\WinSxS\amd64_microsoft.windows.common-controls_6595b64144ccf1df_6.0.19041.1110_none_60b5254171f9507e\COMCTL32.dll
0x00007ffbbeb10000 - 0x00007ffbbeb40000 	C:\WINDOWS\System32\IMM32.DLL
0x00007ffbb9c30000 - 0x00007ffbb9c45000 	C:\Program Files\Java\jdk1.8.0_291\jre\bin\vcruntime140.dll
0x00007ffb87cb0000 - 0x00007ffb87d4b000 	C:\Program Files\Java\jdk1.8.0_291\jre\bin\msvcp140.dll
0x00000000515c0000 - 0x0000000051e20000 	C:\Program Files\Java\jdk1.8.0_291\jre\bin\server\jvm.dll
0x00007ffbc07f0000 - 0x00007ffbc07f8000 	C:\WINDOWS\System32\PSAPI.DLL
0x00007ffba7280000 - 0x00007ffba72a7000 	C:\WINDOWS\SYSTEM32\WINMM.dll
0x00007ffbb7c00000 - 0x00007ffbb7c0a000 	C:\WINDOWS\SYSTEM32\VERSION.dll
0x00007ffbaa1f0000 - 0x00007ffbaa1f9000 	C:\WINDOWS\SYSTEM32\WSOCK32.dll
0x00007ffbbf150000 - 0x00007ffbbf1bb000 	C:\WINDOWS\System32\WS2_32.dll
0x00007ffbbc000000 - 0x00007ffbbc012000 	C:\WINDOWS\SYSTEM32\kernel.appcore.dll
0x00007ffbb9c20000 - 0x00007ffbb9c30000 	C:\Program Files\Java\jdk1.8.0_291\jre\bin\verify.dll
0x00007ffbac600000 - 0x00007ffbac62b000 	C:\Program Files\Java\jdk1.8.0_291\jre\bin\java.dll
0x00007ffbac8e0000 - 0x00007ffbac8f8000 	C:\Program Files\Java\jdk1.8.0_291\jre\bin\zip.dll
0x00007ffbbf480000 - 0x00007ffbbfbbf000 	C:\WINDOWS\System32\SHELL32.dll
0x00007ffbbc200000 - 0x00007ffbbc991000 	C:\WINDOWS\SYSTEM32\windows.storage.dll
0x00007ffbbeb40000 - 0x00007ffbbee95000 	C:\WINDOWS\System32\combase.dll
0x00007ffbbda50000 - 0x00007ffbbda7c000 	C:\WINDOWS\SYSTEM32\Wldp.dll
0x00007ffbbf080000 - 0x00007ffbbf12e000 	C:\WINDOWS\System32\SHCORE.dll
0x00007ffbc02b0000 - 0x00007ffbc0305000 	C:\WINDOWS\System32\shlwapi.dll
0x00007ffbbdff0000 - 0x00007ffbbe00f000 	C:\WINDOWS\SYSTEM32\profapi.dll
0x00007ffbac7e0000 - 0x00007ffbac7fc000 	C:\Program Files\Java\jdk1.8.0_291\jre\bin\net.dll
0x00007ffbbd7b0000 - 0x00007ffbbd81a000 	C:\WINDOWS\system32\mswsock.dll
0x00007ffbac5e0000 - 0x00007ffbac5f3000 	C:\Program Files\Java\jdk1.8.0_291\jre\bin\nio.dll
0x00007ffb82cf0000 - 0x00007ffb82d17000 	C:\Users\Asus\AppData\Local\Android\Sdk\native\fdc75f09e3144964f2cf3f50f0aa648679c211496f362492102eb8c894070792\windows-amd64\native-platform.dll
0x00007ffb6f200000 - 0x00007ffb6f396000 	C:\Users\Asus\AppData\Local\Android\Sdk\native\12488b8bf47d2d4c9fbf2f6322a914ad602e24e48041cd04a747c6da556b65c4\windows-amd64\native-platform-file-events.dll
0x00007ffbad710000 - 0x00007ffbad71d000 	C:\Program Files\Java\jdk1.8.0_291\jre\bin\management.dll
0x00007ffbbd9a0000 - 0x00007ffbbd9b8000 	C:\WINDOWS\SYSTEM32\CRYPTSP.dll
0x00007ffbbd150000 - 0x00007ffbbd184000 	C:\WINDOWS\system32\rsaenh.dll
0x00007ffbbe6a0000 - 0x00007ffbbe6c7000 	C:\WINDOWS\System32\bcrypt.dll
0x00007ffbbdfb0000 - 0x00007ffbbdfde000 	C:\WINDOWS\SYSTEM32\USERENV.dll
0x00007ffbbe610000 - 0x00007ffbbe693000 	C:\WINDOWS\System32\bcryptprimitives.dll
0x00007ffbbd990000 - 0x00007ffbbd99c000 	C:\WINDOWS\SYSTEM32\CRYPTBASE.dll
0x00007ffbbd4a0000 - 0x00007ffbbd4db000 	C:\WINDOWS\SYSTEM32\IPHLPAPI.DLL
0x00007ffbc04d0000 - 0x00007ffbc04d8000 	C:\WINDOWS\System32\NSI.dll
0x00007ffbb7f10000 - 0x00007ffbb7f27000 	C:\WINDOWS\SYSTEM32\dhcpcsvc6.DLL
0x00007ffbb88c0000 - 0x00007ffbb88dd000 	C:\WINDOWS\SYSTEM32\dhcpcsvc.DLL
0x00007ffbbd4e0000 - 0x00007ffbbd5ac000 	C:\WINDOWS\SYSTEM32\DNSAPI.dll
0x00007ffbb88e0000 - 0x00007ffbb88eb000 	C:\WINDOWS\SYSTEM32\WINNSI.DLL
0x00007ffbac040000 - 0x00007ffbac064000 	C:\Program Files\Java\jdk1.8.0_291\jre\bin\sunec.dll
0x00007ffbabce0000 - 0x00007ffbabcea000 	C:\Windows\System32\rasadhlp.dll
0x00007ffbabd00000 - 0x00007ffbabd7f000 	C:\WINDOWS\System32\fwpuclnt.dll
0x00007ffbbcde0000 - 0x00007ffbbce13000 	C:\WINDOWS\SYSTEM32\ntmarta.dll
0x00007ffb7ef20000 - 0x00007ffb7f0b5000 	C:\Program Files\Java\jdk1.8.0_291\jre\bin\awt.dll
0x00007ffbc04e0000 - 0x00007ffbc05ad000 	C:\WINDOWS\System32\OLEAUT32.dll
0x00007ffbbba40000 - 0x00007ffbbbad0000 	C:\WINDOWS\SYSTEM32\apphelp.dll
0x00007ffbbbef0000 - 0x00007ffbbbf1f000 	C:\WINDOWS\system32\DWMAPI.DLL
0x00007ffbbbb40000 - 0x00007ffbbbbde000 	C:\WINDOWS\system32\uxtheme.dll
0x00007ffbac010000 - 0x00007ffbac03a000 	C:\Program Files\Java\jdk1.8.0_291\jre\bin\dcpr.dll
0x00007ffbb9c50000 - 0x00007ffbb9c5d000 	C:\Program Files\Java\jdk1.8.0_291\jre\bin\sunmscapi.dll
0x00007ffbbe6d0000 - 0x00007ffbbe82f000 	C:\WINDOWS\System32\CRYPT32.dll
0x00007ffbbdac0000 - 0x00007ffbbdae7000 	C:\WINDOWS\SYSTEM32\ncrypt.dll
0x00007ffbbda80000 - 0x00007ffbbdabb000 	C:\WINDOWS\SYSTEM32\NTASN1.dll
0x00007ffba6910000 - 0x00007ffba6af4000 	C:\WINDOWS\SYSTEM32\dbghelp.dll

VM Arguments:
jvm_args: -Xmx2048m -Dfile.encoding=UTF-8 -Duser.country=CN -Duser.language=zh -Duser.variant 
java_command: org.gradle.launcher.daemon.bootstrap.GradleDaemon 6.7.1
java_class_path (initial): C:\Users\Asus\AppData\Local\Android\Sdk\wrapper\dists\gradle-6.7.1-bin\bwlcbys1h7rz3272sye1xwiv6\gradle-6.7.1\lib\gradle-launcher-6.7.1.jar
Launcher Type: SUN_STANDARD

Environment Variables:
JAVA_HOME=C:\Program Files\Java\jdk1.8.0_291
CLASSPATH=.;C:\Program Files\Java\jdk1.8.0_291\lib;C:\Program Files\Java\jdk1.8.0_291\lib\dt.jar;C:\Program Files\Java\jdk1.8.0_291\tools.jar
PATH=C:\Program Files (x86)\Common Files\Oracle\Java\javapath;C:\Program Files (x86)\Common Files\Intel\Shared Libraries\redist\intel64\compiler;C:\WINDOWS\system32;C:\WINDOWS;C:\WINDOWS\System32\Wbem;C:\WINDOWS\System32\WindowsPowerShell\v1.0\;C:\WINDOWS\System32\OpenSSH\;"C:\Program Files\Java\jdk1.8.0_291\bin;C:\Program Files\Java\jdk1.8.0_291\jre\bin";C:\Program Files\Git\cmd;C:\Program Files\TortoiseSVN\bin;C:\Users\Asus\AppData\Local\Microsoft\WindowsApps;
USERNAME=Asus
OS=Windows_NT
PROCESSOR_IDENTIFIER=Intel64 Family 6 Model 165 Stepping 5, GenuineIntel



---------------  S Y S T E M  ---------------

OS: Windows 10.0 , 64 bit Build 19041 (10.0.19041.1023)

CPU:total 12 (initial active 12) (6 cores per cpu, 2 threads per core) family 6 model 165 stepping 5, cmov, cx8, fxsr, mmx, sse, sse2, sse3, ssse3, sse4.1, sse4.2, popcnt, avx, avx2, aes, clmul, erms, 3dnowpref, lzcnt, ht, tsc, tscinvbit, bmi1, bmi2, adx

Memory: 4k page, physical 16615208k(467236k free), swap 31632548k(5460k free)

vm_info: Java HotSpot(TM) 64-Bit Server VM (25.291-b10) for windows-amd64 JRE (1.8.0_291-b10), built on Apr  9 2021 00:02:00 by "java_re" with MS VC++ 15.9 (VS2017)

time: Fri Aug  6 18:14:14 2021
timezone: 
elapsed time: 25654.500124 seconds (0d 7h 7m 34s)

